Determining if the pthread_create exist failed with the following output:
Change Dir: /home/hmurcia/repos/3D-plantModeling-with-2DLiDAR/build/CMakeFiles/CMakeTmp

Run Build Command:"/usr/bin/make" "cmTC_99b13/fast"
/usr/bin/make -f CMakeFiles/cmTC_99b13.dir/build.make CMakeFiles/cmTC_99b13.dir/build
make[1]: Entering directory '/home/hmurcia/repos/3D-plantModeling-with-2DLiDAR/build/CMakeFiles/CMakeTmp'
Building C object CMakeFiles/cmTC_99b13.dir/CheckSymbolExists.c.o
/usr/bin/cc    -o CMakeFiles/cmTC_99b13.dir/CheckSymbolExists.c.o   -c /home/hmurcia/repos/3D-plantModeling-with-2DLiDAR/build/CMakeFiles/CMakeTmp/CheckSymbolExists.c
Linking C executable cmTC_99b13
/usr/bin/cmake -E cmake_link_script CMakeFiles/cmTC_99b13.dir/link.txt --verbose=1
/usr/bin/cc      -rdynamic CMakeFiles/cmTC_99b13.dir/CheckSymbolExists.c.o  -o cmTC_99b13 
CMakeFiles/cmTC_99b13.dir/CheckSymbolExists.c.o: In function `main':
CheckSymbolExists.c:(.text+0x1b): undefined reference to `pthread_create'
collect2: error: ld returned 1 exit status
CMakeFiles/cmTC_99b13.dir/build.make:97: recipe for target 'cmTC_99b13' failed
make[1]: *** [cmTC_99b13] Error 1
make[1]: Leaving directory '/home/hmurcia/repos/3D-plantModeling-with-2DLiDAR/build/CMakeFiles/CMakeTmp'
Makefile:126: recipe for target 'cmTC_99b13/fast' failed
make: *** [cmTC_99b13/fast] Error 2

File /home/hmurcia/repos/3D-plantModeling-with-2DLiDAR/build/CMakeFiles/CMakeTmp/CheckSymbolExists.c:
/* */
#include <pthread.h>

int main(int argc, char** argv)
{
  (void)argv;
#ifndef pthread_create
  return ((int*)(&pthread_create))[argc];
#else
  (void)argc;
  return 0;
#endif
}

Determining if the function pthread_create exists in the pthreads failed with the following output:
Change Dir: /home/hmurcia/repos/3D-plantModeling-with-2DLiDAR/build/CMakeFiles/CMakeTmp

Run Build Command:"/usr/bin/make" "cmTC_5596a/fast"
/usr/bin/make -f CMakeFiles/cmTC_5596a.dir/build.make CMakeFiles/cmTC_5596a.dir/build
make[1]: Entering directory '/home/hmurcia/repos/3D-plantModeling-with-2DLiDAR/build/CMakeFiles/CMakeTmp'
Building C object CMakeFiles/cmTC_5596a.dir/CheckFunctionExists.c.o
/usr/bin/cc   -DCHECK_FUNCTION_EXISTS=pthread_create   -o CMakeFiles/cmTC_5596a.dir/CheckFunctionExists.c.o   -c /usr/share/cmake-3.10/Modules/CheckFunctionExists.c
Linking C executable cmTC_5596a
/usr/bin/cmake -E cmake_link_script CMakeFiles/cmTC_5596a.dir/link.txt --verbose=1
/usr/bin/cc  -DCHECK_FUNCTION_EXISTS=pthread_create    -rdynamic CMakeFiles/cmTC_5596a.dir/CheckFunctionExists.c.o  -o cmTC_5596a -lpthreads 
/usr/bin/ld: cannot find -lpthreads
collect2: error: ld returned 1 exit status
CMakeFiles/cmTC_5596a.dir/build.make:97: recipe for target 'cmTC_5596a' failed
make[1]: *** [cmTC_5596a] Error 1
make[1]: Leaving directory '/home/hmurcia/repos/3D-plantModeling-with-2DLiDAR/build/CMakeFiles/CMakeTmp'
Makefile:126: recipe for target 'cmTC_5596a/fast' failed
make: *** [cmTC_5596a/fast] Error 2


